# JRE version: OpenJDK Runtime Environment (8.0_152-b01) (build 1.8.0_152-release-915-b01)
# Java VM: OpenJDK 64-Bit Server VM (25.152-b01 mixed mode windows-amd64 compressed oops)
Heap:
 PSYoungGen      total 344576K, used 20476K [0x00000000e0000000, 0x00000000f8b80000, 0x0000000100000000)
  eden space 324096K, 0% used [0x00000000e0000000,0x00000000e0000000,0x00000000f3c80000)
  from space 20480K, 99% used [0x00000000f5700000,0x00000000f6aff2d8,0x00000000f6b00000)
  to   space 27136K, 0% used [0x00000000f3c80000,0x00000000f3c80000,0x00000000f5700000)
 ParOldGen       total 65024K, used 38046K [0x00000000a0000000, 0x00000000a3f80000, 0x00000000e0000000)
  object space 65024K, 58% used [0x00000000a0000000,0x00000000a2527a38,0x00000000a3f80000)
 Metaspace       used 56725K, capacity 58906K, committed 59028K, reserved 1099776K
  class space    used 7616K, capacity 8132K, committed 8192K, reserved 1048576K
GC Heap History (10 events):
Event: 23.750 GC heap after
Heap after GC invocations=8 (full 1):
 PSYoungGen      total 141312K, used 10725K [0x00000000e0000000, 0x00000000f1180000, 0x0000000100000000)
  eden space 130560K, 0% used [0x00000000e0000000,0x00000000e0000000,0x00000000e7f80000)
  from space 10752K, 99% used [0x00000000e7f80000,0x00000000e89f94e0,0x00000000e8a00000)
  to   space 13312K, 0% used [0x00000000f0480000,0x00000000f0480000,0x00000000f1180000)
 ParOldGen       total 48640K, used 9568K [0x00000000a0000000, 0x00000000a2f80000, 0x00000000e0000000)
  object space 48640K, 19% used [0x00000000a0000000,0x00000000a09582b8,0x00000000a2f80000)
 Metaspace       used 34412K, capacity 35314K, committed 35416K, reserved 1079296K
  class space    used 4540K, capacity 4805K, committed 4864K, reserved 1048576K
}
Event: 23.751 GC heap before
{Heap before GC invocations=9 (full 2):
 PSYoungGen      total 141312K, used 10725K [0x00000000e0000000, 0x00000000f1180000, 0x0000000100000000)
  eden space 130560K, 0% used [0x00000000e0000000,0x00000000e0000000,0x00000000e7f80000)
  from space 10752K, 99% used [0x00000000e7f80000,0x00000000e89f94e0,0x00000000e8a00000)
  to   space 13312K, 0% used [0x00000000f0480000,0x00000000f0480000,0x00000000f1180000)
 ParOldGen       total 48640K, used 9568K [0x00000000a0000000, 0x00000000a2f80000, 0x00000000e0000000)
  object space 48640K, 19% used [0x00000000a0000000,0x00000000a09582b8,0x00000000a2f80000)
 Metaspace       used 34412K, capacity 35314K, committed 35416K, reserved 1079296K
  class space    used 4540K, capacity 4805K, committed 4864K, reserved 1048576K
Event: 24.280 GC heap after
Heap after GC invocations=9 (full 2):
 PSYoungGen      total 141312K, used 0K [0x00000000e0000000, 0x00000000f1180000, 0x0000000100000000)
  eden space 130560K, 0% used [0x00000000e0000000,0x00000000e0000000,0x00000000e7f80000)
  from space 10752K, 0% used [0x00000000e7f80000,0x00000000e7f80000,0x00000000e8a00000)
  to   space 13312K, 0% used [0x00000000f0480000,0x00000000f0480000,0x00000000f1180000)
 ParOldGen       total 65024K, used 18770K [0x00000000a0000000, 0x00000000a3f80000, 0x00000000e0000000)
  object space 65024K, 28% used [0x00000000a0000000,0x00000000a12549b0,0x00000000a3f80000)
 Metaspace       used 34361K, capacity 35182K, committed 35416K, reserved 1079296K
  class space    used 4527K, capacity 4761K, committed 4864K, reserved 1048576K
}
Event: 31.582 GC heap before
{Heap before GC invocations=10 (full 2):
 PSYoungGen      total 141312K, used 130560K [0x00000000e0000000, 0x00000000f1180000, 0x0000000100000000)
  eden space 130560K, 100% used [0x00000000e0000000,0x00000000e7f80000,0x00000000e7f80000)
  from space 10752K, 0% used [0x00000000e7f80000,0x00000000e7f80000,0x00000000e8a00000)
  to   space 13312K, 0% used [0x00000000f0480000,0x00000000f0480000,0x00000000f1180000)
 ParOldGen       total 65024K, used 18770K [0x00000000a0000000, 0x00000000a3f80000, 0x00000000e0000000)
  object space 65024K, 28% used [0x00000000a0000000,0x00000000a12549b0,0x00000000a3f80000)
 Metaspace       used 44284K, capacity 45272K, committed 45568K, reserved 1089536K
  class space    used 5840K, capacity 6073K, committed 6144K, reserved 1048576K
Event: 31.600 GC heap after
Heap after GC invocations=10 (full 2):
 PSYoungGen      total 244224K, used 13293K [0x00000000e0000000, 0x00000000f1180000, 0x0000000100000000)
  eden space 230912K, 0% used [0x00000000e0000000,0x00000000e0000000,0x00000000ee180000)
  from space 13312K, 99% used [0x00000000f0480000,0x00000000f117b548,0x00000000f1180000)
  to   space 15360K, 0% used [0x00000000ef380000,0x00000000ef380000,0x00000000f0280000)
 ParOldGen       total 65024K, used 19439K [0x00000000a0000000, 0x00000000a3f80000, 0x00000000e0000000)
  object space 65024K, 29% used [0x00000000a0000000,0x00000000a12fbc30,0x00000000a3f80000)
 Metaspace       used 44284K, capacity 45272K, committed 45568K, reserved 1089536K
  class space    used 5840K, capacity 6073K, committed 6144K, reserved 1048576K
}
Event: 37.187 GC heap before
{Heap before GC invocations=11 (full 2):
 PSYoungGen      total 244224K, used 244205K [0x00000000e0000000, 0x00000000f1180000, 0x0000000100000000)
  eden space 230912K, 100% used [0x00000000e0000000,0x00000000ee180000,0x00000000ee180000)
  from space 13312K, 99% used [0x00000000f0480000,0x00000000f117b548,0x00000000f1180000)
  to   space 15360K, 0% used [0x00000000ef380000,0x00000000ef380000,0x00000000f0280000)
 ParOldGen       total 65024K, used 19439K [0x00000000a0000000, 0x00000000a3f80000, 0x00000000e0000000)
  object space 65024K, 29% used [0x00000000a0000000,0x00000000a12fbc30,0x00000000a3f80000)
 Metaspace       used 51911K, capacity 53354K, committed 53632K, reserved 1095680K
  class space    used 6850K, capacity 7206K, committed 7296K, reserved 1048576K
Event: 37.219 GC heap after
Heap after GC invocations=11 (full 2):
 PSYoungGen      total 264704K, used 15332K [0x00000000e0000000, 0x00000000f6b00000, 0x0000000100000000)
  eden space 249344K, 0% used [0x00000000e0000000,0x00000000e0000000,0x00000000ef380000)
  from space 15360K, 99% used [0x00000000ef380000,0x00000000f0279110,0x00000000f0280000)
  to   space 20480K, 0% used [0x00000000f5700000,0x00000000f5700000,0x00000000f6b00000)
 ParOldGen       total 65024K, used 26761K [0x00000000a0000000, 0x00000000a3f80000, 0x00000000e0000000)
  object space 65024K, 41% used [0x00000000a0000000,0x00000000a1a22438,0x00000000a3f80000)
 Metaspace       used 51911K, capacity 53354K, committed 53632K, reserved 1095680K
  class space    used 6850K, capacity 7206K, committed 7296K, reserved 1048576K
}
Event: 39.852 GC heap before
{Heap before GC invocations=12 (full 2):
 PSYoungGen      total 264704K, used 159041K [0x00000000e0000000, 0x00000000f6b00000, 0x0000000100000000)
  eden space 249344K, 57% used [0x00000000e0000000,0x00000000e8c57668,0x00000000ef380000)
  from space 15360K, 99% used [0x00000000ef380000,0x00000000f0279110,0x00000000f0280000)
  to   space 20480K, 0% used [0x00000000f5700000,0x00000000f5700000,0x00000000f6b00000)
 ParOldGen       total 65024K, used 26761K [0x00000000a0000000, 0x00000000a3f80000, 0x00000000e0000000)
  object space 65024K, 41% used [0x00000000a0000000,0x00000000a1a22438,0x00000000a3f80000)
 Metaspace       used 56725K, capacity 58906K, committed 59028K, reserved 1099776K
  class space    used 7616K, capacity 8132K, committed 8192K, reserved 1048576K
Event: 39.896 GC heap after
Heap after GC invocations=12 (full 2):
 PSYoungGen      total 344576K, used 20476K [0x00000000e0000000, 0x00000000f8b80000, 0x0000000100000000)
  eden space 324096K, 0% used [0x00000000e0000000,0x00000000e0000000,0x00000000f3c80000)
  from space 20480K, 99% used [0x00000000f5700000,0x00000000f6aff2d8,0x00000000f6b00000)
  to   space 27136K, 0% used [0x00000000f3c80000,0x00000000f3c80000,0x00000000f5700000)
 ParOldGen       total 65024K, used 38046K [0x00000000a0000000, 0x00000000a3f80000, 0x00000000e0000000)
  object space 65024K, 58% used [0x00000000a0000000,0x00000000a2527a38,0x00000000a3f80000)
 Metaspace       used 56725K, capacity 58906K, committed 59028K, reserved 1099776K
  class space    used 7616K, capacity 8132K, committed 8192K, reserved 1048576K
}
Event: 39.896 GC heap before
{Heap before GC invocations=13 (full 3):
 PSYoungGen      total 344576K, used 20476K [0x00000000e0000000, 0x00000000f8b80000, 0x0000000100000000)
  eden space 324096K, 0% used [0x00000000e0000000,0x00000000e0000000,0x00000000f3c80000)
  from space 20480K, 99% used [0x00000000f5700000,0x00000000f6aff2d8,0x00000000f6b00000)
  to   space 27136K, 0% used [0x00000000f3c80000,0x00000000f3c80000,0x00000000f5700000)
 ParOldGen       total 65024K, used 38046K [0x00000000a0000000, 0x00000000a3f80000, 0x00000000e0000000)
  object space 65024K, 58% used [0x00000000a0000000,0x00000000a2527a38,0x00000000a3f80000)
 Metaspace       used 56725K, capacity 58906K, committed 59028K, reserved 1099776K
  class space    used 7616K, capacity 8132K, committed 8192K, reserved 1048576K

